<?xml version="1.0" encoding="UTF-8"?>
<!-- Generated by org.testng.reporters.JUnitReportReporter -->
<testsuite hostname="DESKTOP-LBN79VH" failures="0" tests="1" name="weddingKartApi_Test.EventCRUD_Test" time="0.229" errors="0" timestamp="2025-05-26T15:21:32 IST" skipped="0">
  <testcase classname="weddingKartApi_Test.EventCRUD_Test" name="addEvent_Test" time="0.229"/>
</testsuite> <!-- weddingKartApi_Test.EventCRUD_Test -->
