<?xml version="1.0" encoding="UTF-8"?>
<!-- Generated by org.testng.reporters.JUnitReportReporter -->
<testsuite hostname="WorkBeast" failures="0" tests="1" name="weddingKartApi_UserLoginAuth_Test.AuthenticateOTP_Test" time="1.458" errors="0" timestamp="2025-02-11T13:16:54 IST" skipped="0">
  <testcase classname="weddingKartApi_UserLoginAuth_Test.AuthenticateOTP_Test" name="authenticateOTP_Test" time="1.458"/>
</testsuite> <!-- weddingKartApi_UserLoginAuth_Test.AuthenticateOTP_Test -->
