<?xml version="1.0" encoding="UTF-8"?>
<!-- Generated by org.testng.reporters.JUnitReportReporter -->
<testsuite hostname="WorkBeast" failures="0" tests="13" name="weddingKartApi_Test.GuestCRUD" time="2.940" errors="0" timestamp="2025-03-22T11:33:53 IST" skipped="0">
  <testcase classname="weddingKartApi_Test.GuestCRUD" name="listGroupsInWeddingForGuestCRUD_Test" time="0.252"/>
  <testcase classname="weddingKartApi_Test.GuestCRUD" name="updateGuest_Test" time="0.308"/>
  <testcase classname="weddingKartApi_Test.GuestCRUD" name="createGroupForGuestCRUD_Test" time="0.203"/>
  <testcase classname="weddingKartApi_Test.GuestCRUD" name="getGuestById_Test" time="0.183"/>
  <testcase classname="weddingKartApi_Test.GuestCRUD" name="purgeOneGuest_Test" time="0.220"/>
  <testcase classname="weddingKartApi_Test.GuestCRUD" name="copyToGroup_Test" time="0.201"/>
  <testcase classname="weddingKartApi_Test.GuestCRUD" name="addNewGuestUsingJsonFile_Test" time="0.271"/>
  <testcase classname="weddingKartApi_Test.GuestCRUD" name="listAllGuest_Test" time="0.200"/>
  <testcase classname="weddingKartApi_Test.GuestCRUD" name="createGroupForGuestCRUD_Test" time="0.200"/>
  <testcase classname="weddingKartApi_Test.GuestCRUD" name="purgeAllGuest_Test" time="0.210"/>
  <testcase classname="weddingKartApi_Test.GuestCRUD" name="createGroupForGuestCRUD_Test" time="0.271"/>
  <testcase classname="weddingKartApi_Test.GuestCRUD" name="moveGuestToGroup_Test" time="0.239"/>
  <testcase classname="weddingKartApi_Test.GuestCRUD" name="deleteGuestFromGroup" time="0.182"/>
</testsuite> <!-- weddingKartApi_Test.GuestCRUD -->
