<?xml version="1.0" encoding="UTF-8"?>
<!-- Generated by org.testng.reporters.JUnitReportReporter -->
<testsuite hostname="WorkBeast" failures="0" tests="4" name="weddingKartApi_UserLoginAuth_Test.UserLogin_Test" time="3.334" errors="0" timestamp="2025-02-27T11:57:52 IST" skipped="0">
  <testcase classname="weddingKartApi_UserLoginAuth_Test.UserLogin_Test" name="updateUserDetails" time="0.715"/>
  <testcase classname="weddingKartApi_UserLoginAuth_Test.UserLogin_Test" name="authenticateOTP_Test" time="0.334"/>
  <testcase classname="weddingKartApi_UserLoginAuth_Test.UserLogin_Test" name="userCredits" time="0.241"/>
  <testcase classname="weddingKartApi_UserLoginAuth_Test.UserLogin_Test" name="sendOTP_Test" time="2.044"/>
</testsuite> <!-- weddingKartApi_UserLoginAuth_Test.UserLogin_Test -->
