<?xml version="1.0" encoding="UTF-8"?>
<!-- Generated by org.testng.reporters.JUnitReportReporter -->
<testsuite hostname="WorkBeast" failures="0" tests="1" name="weddingKartApi_Test.Sample" time="0.576" errors="0" timestamp="2025-04-05T10:29:58 IST" skipped="0">
  <testcase classname="weddingKartApi_Test.Sample" name="sample" time="0.576"/>
</testsuite> <!-- weddingKartApi_Test.Sample -->
