<?xml version="1.0" encoding="UTF-8"?>
<!-- Generated by org.testng.reporters.JUnitReportReporter -->
<testsuite hostname="WorkBeast" failures="0" tests="4" name="weddingKartApi_Test.UserLogin_Test" time="1.862" errors="0" timestamp="2025-03-22T11:33:53 IST" skipped="0">
  <testcase classname="weddingKartApi_Test.UserLogin_Test" name="authenticateOTP_Test" time="0.702"/>
  <testcase classname="weddingKartApi_Test.UserLogin_Test" name="sendOTP_Test" time="0.702"/>
  <testcase classname="weddingKartApi_Test.UserLogin_Test" name="userCredits" time="0.209"/>
  <testcase classname="weddingKartApi_Test.UserLogin_Test" name="updateUserDetails" time="0.249"/>
</testsuite> <!-- weddingKartApi_Test.UserLogin_Test -->
