<?xml version="1.0" encoding="UTF-8"?>
<!-- Generated by org.testng.reporters.JUnitReportReporter -->
<testsuite hostname="WorkBeast" failures="0" tests="1" name="weddingKartApi_UserLoginAuth_Test.WeddingCRUD_Test" time="1.690" errors="0" timestamp="2025-02-27T11:52:54 IST" skipped="0">
  <testcase classname="weddingKartApi_UserLoginAuth_Test.WeddingCRUD_Test" name="addNewWedding_Test" time="1.690"/>
</testsuite> <!-- weddingKartApi_UserLoginAuth_Test.WeddingCRUD_Test -->
