<?xml version="1.0" encoding="UTF-8"?>
<!-- Generated by org.testng.reporters.JUnitReportReporter -->
<testsuite hostname="WorkBeast" failures="0" tests="8" name="weddingKartApi_Test.GroupsCRUD_Test" time="1.752" errors="0" timestamp="2025-03-22T11:33:53 IST" skipped="0">
  <testcase classname="weddingKartApi_Test.GroupsCRUD_Test" name="deleteGroupFromWedding_Test" time="0.190"/>
  <testcase classname="weddingKartApi_Test.GroupsCRUD_Test" name="addNewGroupInWedding_Test" time="0.190"/>
  <testcase classname="weddingKartApi_Test.GroupsCRUD_Test" name="deleteAllGroupsFromWedding_Test" time="0.226"/>
  <testcase classname="weddingKartApi_Test.GroupsCRUD_Test" name="addNewGroupInWedding_Test" time="0.248"/>
  <testcase classname="weddingKartApi_Test.GroupsCRUD_Test" name="mergeGroups_Test" time="0.289"/>
  <testcase classname="weddingKartApi_Test.GroupsCRUD_Test" name="listGroupsInWedding_Test" time="0.209"/>
  <testcase classname="weddingKartApi_Test.GroupsCRUD_Test" name="renameGroup_Test" time="0.201"/>
  <testcase classname="weddingKartApi_Test.GroupsCRUD_Test" name="addNewGroupInWedding_Test" time="0.199"/>
</testsuite> <!-- weddingKartApi_Test.GroupsCRUD_Test -->
