<?xml version="1.0" encoding="UTF-8"?>
<!-- Generated by org.testng.reporters.JUnitReportReporter -->
<testsuite hostname="WorkBeast" failures="0" tests="8" name="weddingKartApi_UserLoginAuth_Test.GroupsCRUD_Test" time="4.941" errors="0" timestamp="2025-02-27T11:58:13 IST" skipped="0">
  <testcase classname="weddingKartApi_UserLoginAuth_Test.GroupsCRUD_Test" name="renameGroup_Test" time="0.435"/>
  <testcase classname="weddingKartApi_UserLoginAuth_Test.GroupsCRUD_Test" name="addNewGroupInWedding_Test" time="2.365"/>
  <testcase classname="weddingKartApi_UserLoginAuth_Test.GroupsCRUD_Test" name="deleteAllGroupsFromWedding_Test" time="0.410"/>
  <testcase classname="weddingKartApi_UserLoginAuth_Test.GroupsCRUD_Test" name="addNewGroupInWedding_Test" time="0.252"/>
  <testcase classname="weddingKartApi_UserLoginAuth_Test.GroupsCRUD_Test" name="addNewGroupInWedding_Test" time="0.405"/>
  <testcase classname="weddingKartApi_UserLoginAuth_Test.GroupsCRUD_Test" name="listGroupsInWedding_Test" time="0.380"/>
  <testcase classname="weddingKartApi_UserLoginAuth_Test.GroupsCRUD_Test" name="mergeGroups_Test" time="0.389"/>
  <testcase classname="weddingKartApi_UserLoginAuth_Test.GroupsCRUD_Test" name="deleteGroupFromWedding_Test" time="0.305"/>
</testsuite> <!-- weddingKartApi_UserLoginAuth_Test.GroupsCRUD_Test -->
